<?xml version="1.0" encoding="UTF-8"?>
<testng-results skipped="0" failed="0" ignored="0" total="1" passed="1">
  <reporter-output>
    <line>
      <![CDATA[http://www.fb.com]]>
    </line>
    <line>
      <![CDATA[Facebook – log in or sign up]]>
    </line>
    <line>
      <![CDATA[A1]]>
    </line>
    <line>
      <![CDATA[admin]]>
    </line>
  </reporter-output>
  <suite name="Default suite" duration-ms="11053" started-at="2022-03-03T03:49:56Z" finished-at="2022-03-03T03:50:07Z">
    <groups>
    </groups>
    <test name="Default test" duration-ms="11053" started-at="2022-03-03T03:49:56Z" finished-at="2022-03-03T03:50:07Z">
      <class name="script.Test1">
        <test-method status="PASS" signature="openApp()[pri:0, instance:script.Test1@73eb439a]" name="openApp" is-config="true" duration-ms="9127" started-at="2022-03-03T03:49:56Z" finished-at="2022-03-03T03:50:05Z">
          <reporter-output>
          </reporter-output>
        </test-method> <!-- openApp -->
        <test-method status="PASS" signature="testA()[pri:0, instance:script.Test1@73eb439a]" name="testA" duration-ms="1536" started-at="2022-03-03T03:50:05Z" finished-at="2022-03-03T03:50:07Z">
          <reporter-output>
            <line>
              <![CDATA[http://www.fb.com]]>
            </line>
            <line>
              <![CDATA[Facebook – log in or sign up]]>
            </line>
            <line>
              <![CDATA[A1]]>
            </line>
            <line>
              <![CDATA[admin]]>
            </line>
          </reporter-output>
        </test-method> <!-- testA -->
        <test-method status="PASS" signature="closeApp()[pri:0, instance:script.Test1@73eb439a]" name="closeApp" is-config="true" duration-ms="355" started-at="2022-03-03T03:50:07Z" finished-at="2022-03-03T03:50:07Z">
          <reporter-output>
          </reporter-output>
        </test-method> <!-- closeApp -->
      </class> <!-- script.Test1 -->
    </test> <!-- Default test -->
  </suite> <!-- Default suite -->
</testng-results>
