<?xml version="1.0" encoding="UTF-8"?>
<testng-results skipped="0" failed="1" ignored="0" total="4" passed="3">
  <reporter-output>
    <line>
      <![CDATA[Opening firefox in remote system]]>
    </line>
    <line>
      <![CDATA[Opening Chrome in local system]]>
    </line>
    <line>
      <![CDATA[Opening Firefox in Remote system]]>
    </line>
    <line>
      <![CDATA[Element is displayed]]>
    </line>
    <line>
      <![CDATA[Opening Chrome in local system]]>
    </line>
    <line>
      <![CDATA[Element is displayed]]>
    </line>
    <line>
      <![CDATA[Opening firefox in remote system]]>
    </line>
    <line>
      <![CDATA[Opening Firefox in Remote system]]>
    </line>
    <line>
      <![CDATA[Element is displayed]]>
    </line>
    <line>
      <![CDATA[Element is displayed]]>
    </line>
    <line>
      <![CDATA[Element is displayed]]>
    </line>
    <line>
      <![CDATA[Element is displayed]]>
    </line>
    <line>
      <![CDATA[Element is displayed]]>
    </line>
    <line>
      <![CDATA[Element is displayed]]>
    </line>
    <line>
      <![CDATA[Element is displayed]]>
    </line>
    <line>
      <![CDATA[Element is not displayed]]>
    </line>
  </reporter-output>
  <suite name="Suite" duration-ms="91825" started-at="2022-03-09T03:42:56Z" finished-at="2022-03-09T03:44:28Z">
    <groups>
    </groups>
    <test name="RegressionGC" duration-ms="51612" started-at="2022-03-09T03:42:56Z" finished-at="2022-03-09T03:43:48Z">
      <class name="script.InvalidLogin">
        <test-method status="PASS" signature="openApp(java.lang.String, java.lang.String, java.lang.String)[pri:0, instance:script.InvalidLogin@4b4523f8]" name="openApp" is-config="true" duration-ms="12646" started-at="2022-03-09T03:43:21Z" finished-at="2022-03-09T03:43:34Z">
          <params>
            <param index="0">
              <value>
                <![CDATA[no]]>
              </value>
            </param>
            <param index="1">
              <value>
                <![CDATA[http://localhost:4444]]>
              </value>
            </param>
            <param index="2">
              <value>
                <![CDATA[chrome]]>
              </value>
            </param>
          </params>
          <reporter-output>
            <line>
              <![CDATA[Opening Chrome in local system]]>
            </line>
          </reporter-output>
        </test-method> <!-- openApp -->
        <test-method status="PASS" signature="testInvalidLogin()[pri:2, instance:script.InvalidLogin@4b4523f8]" name="testInvalidLogin" duration-ms="13751" started-at="2022-03-09T03:43:34Z" finished-at="2022-03-09T03:43:48Z">
          <reporter-output>
            <line>
              <![CDATA[Element is displayed]]>
            </line>
            <line>
              <![CDATA[Element is displayed]]>
            </line>
            <line>
              <![CDATA[Element is displayed]]>
            </line>
            <line>
              <![CDATA[Element is displayed]]>
            </line>
          </reporter-output>
        </test-method> <!-- testInvalidLogin -->
        <test-method status="PASS" signature="closeApp()[pri:0, instance:script.InvalidLogin@4b4523f8]" name="closeApp" is-config="true" duration-ms="222" started-at="2022-03-09T03:43:48Z" finished-at="2022-03-09T03:43:48Z">
          <reporter-output>
          </reporter-output>
        </test-method> <!-- closeApp -->
      </class> <!-- script.InvalidLogin -->
      <class name="script.ValidLogin">
        <test-method status="PASS" signature="openApp(java.lang.String, java.lang.String, java.lang.String)[pri:0, instance:script.ValidLogin@731a74c]" name="openApp" is-config="true" duration-ms="16285" started-at="2022-03-09T03:42:56Z" finished-at="2022-03-09T03:43:13Z">
          <params>
            <param index="0">
              <value>
                <![CDATA[no]]>
              </value>
            </param>
            <param index="1">
              <value>
                <![CDATA[http://localhost:4444]]>
              </value>
            </param>
            <param index="2">
              <value>
                <![CDATA[chrome]]>
              </value>
            </param>
          </params>
          <reporter-output>
            <line>
              <![CDATA[Opening Chrome in local system]]>
            </line>
          </reporter-output>
        </test-method> <!-- openApp -->
        <test-method status="PASS" signature="testValidLogin()[pri:1, instance:script.ValidLogin@731a74c]" name="testValidLogin" duration-ms="8319" started-at="2022-03-09T03:43:13Z" finished-at="2022-03-09T03:43:21Z">
          <reporter-output>
            <line>
              <![CDATA[Element is displayed]]>
            </line>
          </reporter-output>
        </test-method> <!-- testValidLogin -->
        <test-method status="PASS" signature="closeApp()[pri:0, instance:script.ValidLogin@731a74c]" name="closeApp" is-config="true" duration-ms="332" started-at="2022-03-09T03:43:21Z" finished-at="2022-03-09T03:43:21Z">
          <reporter-output>
          </reporter-output>
        </test-method> <!-- closeApp -->
      </class> <!-- script.ValidLogin -->
    </test> <!-- RegressionGC -->
    <test name="RegressionFF" duration-ms="91825" started-at="2022-03-09T03:42:56Z" finished-at="2022-03-09T03:44:28Z">
      <class name="script.InvalidLogin">
        <test-method status="PASS" signature="openApp(java.lang.String, java.lang.String, java.lang.String)[pri:0, instance:script.InvalidLogin@3d99d22e]" name="openApp" is-config="true" duration-ms="18748" started-at="2022-03-09T03:43:31Z" finished-at="2022-03-09T03:43:50Z">
          <params>
            <param index="0">
              <value>
                <![CDATA[yes]]>
              </value>
            </param>
            <param index="1">
              <value>
                <![CDATA[http://localhost:4444]]>
              </value>
            </param>
            <param index="2">
              <value>
                <![CDATA[firefox]]>
              </value>
            </param>
          </params>
          <reporter-output>
            <line>
              <![CDATA[Opening firefox in remote system]]>
            </line>
            <line>
              <![CDATA[Opening Firefox in Remote system]]>
            </line>
          </reporter-output>
        </test-method> <!-- openApp -->
        <test-method status="FAIL" signature="testInvalidLogin()[pri:2, instance:script.InvalidLogin@3d99d22e]" name="testInvalidLogin" duration-ms="35484" started-at="2022-03-09T03:43:50Z" finished-at="2022-03-09T03:44:25Z">
          <exception class="java.lang.AssertionError">
            <message>
              <![CDATA[Err Msg is Not Dispalyed expected [true] but found [false]]]>
            </message>
            <full-stacktrace>
              <![CDATA[java.lang.AssertionError: Err Msg is Not Dispalyed expected [true] but found [false]
at org.testng.Assert.fail(Assert.java:96)
at org.testng.Assert.failNotEquals(Assert.java:776)
at org.testng.Assert.assertTrue(Assert.java:44)
at script.InvalidLogin.testInvalidLogin(InvalidLogin.java:36)
at sun.reflect.NativeMethodAccessorImpl.invoke0(Native Method)
at sun.reflect.NativeMethodAccessorImpl.invoke(NativeMethodAccessorImpl.java:62)
at sun.reflect.DelegatingMethodAccessorImpl.invoke(DelegatingMethodAccessorImpl.java:43)
at java.lang.reflect.Method.invoke(Method.java:483)
at org.testng.internal.MethodInvocationHelper.invokeMethod(MethodInvocationHelper.java:124)
at org.testng.internal.Invoker.invokeMethod(Invoker.java:583)
at org.testng.internal.Invoker.invokeTestMethod(Invoker.java:719)
at org.testng.internal.Invoker.invokeTestMethods(Invoker.java:989)
at org.testng.internal.TestMethodWorker.invokeTestMethods(TestMethodWorker.java:125)
at org.testng.internal.TestMethodWorker.run(TestMethodWorker.java:109)
at org.testng.TestRunner.privateRun(TestRunner.java:648)
at org.testng.TestRunner.run(TestRunner.java:505)
at org.testng.SuiteRunner.runTest(SuiteRunner.java:455)
at org.testng.SuiteRunner.access$000(SuiteRunner.java:40)
at org.testng.SuiteRunner$SuiteWorker.run(SuiteRunner.java:489)
at org.testng.internal.thread.ThreadUtil$1.call(ThreadUtil.java:52)
at java.util.concurrent.FutureTask.run(FutureTask.java:266)
at java.util.concurrent.ThreadPoolExecutor.runWorker(ThreadPoolExecutor.java:1142)
at java.util.concurrent.ThreadPoolExecutor$Worker.run(ThreadPoolExecutor.java:617)
at java.lang.Thread.run(Thread.java:745)
]]>
            </full-stacktrace>
          </exception> <!-- java.lang.AssertionError -->
          <reporter-output>
            <line>
              <![CDATA[Element is displayed]]>
            </line>
            <line>
              <![CDATA[Element is displayed]]>
            </line>
            <line>
              <![CDATA[Element is displayed]]>
            </line>
            <line>
              <![CDATA[Element is not displayed]]>
            </line>
          </reporter-output>
        </test-method> <!-- testInvalidLogin -->
        <test-method status="PASS" signature="closeApp()[pri:0, instance:script.InvalidLogin@3d99d22e]" name="closeApp" is-config="true" duration-ms="2953" started-at="2022-03-09T03:44:25Z" finished-at="2022-03-09T03:44:28Z">
          <reporter-output>
          </reporter-output>
        </test-method> <!-- closeApp -->
      </class> <!-- script.InvalidLogin -->
      <class name="script.ValidLogin">
        <test-method status="PASS" signature="openApp(java.lang.String, java.lang.String, java.lang.String)[pri:0, instance:script.ValidLogin@49fc609f]" name="openApp" is-config="true" duration-ms="23740" started-at="2022-03-09T03:42:56Z" finished-at="2022-03-09T03:43:20Z">
          <params>
            <param index="0">
              <value>
                <![CDATA[yes]]>
              </value>
            </param>
            <param index="1">
              <value>
                <![CDATA[http://localhost:4444]]>
              </value>
            </param>
            <param index="2">
              <value>
                <![CDATA[firefox]]>
              </value>
            </param>
          </params>
          <reporter-output>
            <line>
              <![CDATA[Opening firefox in remote system]]>
            </line>
            <line>
              <![CDATA[Opening Firefox in Remote system]]>
            </line>
          </reporter-output>
        </test-method> <!-- openApp -->
        <test-method status="PASS" signature="testValidLogin()[pri:1, instance:script.ValidLogin@49fc609f]" name="testValidLogin" duration-ms="6835" started-at="2022-03-09T03:43:20Z" finished-at="2022-03-09T03:43:27Z">
          <reporter-output>
            <line>
              <![CDATA[Element is displayed]]>
            </line>
          </reporter-output>
        </test-method> <!-- testValidLogin -->
        <test-method status="PASS" signature="closeApp()[pri:0, instance:script.ValidLogin@49fc609f]" name="closeApp" is-config="true" duration-ms="4009" started-at="2022-03-09T03:43:27Z" finished-at="2022-03-09T03:43:31Z">
          <reporter-output>
          </reporter-output>
        </test-method> <!-- closeApp -->
      </class> <!-- script.ValidLogin -->
    </test> <!-- RegressionFF -->
  </suite> <!-- Suite -->
</testng-results>
